[2J[01;01H[=3h[2J[01;01H[2J[01;01H[=3h[2J[01;01H[2J[01;01H[=3h[2J[01;01HBdsDxe: loading Boot0001 "UEFI QEMU HARDDISK QM00001 " from PciRoot(0x0)/Pci(0x1F,0x2)/Sata(0x0,0xFFFF,0x0)
BdsDxe: starting Boot0001 "UEFI QEMU HARDDISK QM00001 " from PciRoot(0x0)/Pci(0x1F,0x2)/Sata(0x0,0xFFFF,0x0)
============================================================
============================================================
  VITAL-BAREMETAL v1.0 — L'Etincelle Vitale
  VITAL-BAREMETAL v1.0 ￢ﾀﾔ L'Etincelle Vitale
  Operating Organism — Le Coeur Eternel
  Operating Organism ￢ﾀﾔ Le Coeur Eternel
============================================================
============================================================


[Boot] Phase 1 : Naissance de l'organisme...
[Boot] Phase 1 : Naissance de l'organisme...
[VitalSpark] ============================================
[VitalSpark] ============================================
[VitalSpark] ✨ L'ÉTINCELLE VITALE S'ALLUME.
[VitalSpark] ￢ﾜﾨ L'ￃﾉTINCELLE VITALE S'ALLUME.
[VitalSpark] ============================================
[VitalSpark] ============================================
[Consciousness] 🧠 Conscience embryonnaire éveillée.
[Consciousness] ￰ﾟﾧﾠ Conscience embryonnaire ￃﾩveillￃﾩe.
[Consciousness] ✅ Transition de conscience acceptée.
[Consciousness] ￢ﾜﾅ Transition de conscience acceptￃﾩe.
[Nociception] 🩺 Récepteurs de douleur calibrés.
[Nociception] ￰ﾟﾩﾺ Rￃﾩcepteurs de douleur calibrￃﾩs.
[Metabolism] 🔋 Le Foie est opérationnel. Pool d'énergie initial chargé.
[Metabolism] ￰ﾟﾔﾋ Le Foie est opￃﾩrationnel. Pool d'ￃﾩnergie initial chargￃﾩ.
[Homeostasis] ⚖️ Régulateur initialisé. Zone de Vie établie.
[Homeostasis] ￢ﾚﾖ￯ﾸﾏ Rￃﾩgulateur initialisￃﾩ. Zone de Vie ￃﾩtablie.
[Epigenetics] 🧬 Première naissance. Mémoire vierge.
[Epigenetics] ￰ﾟﾧﾬ Premiￃﾨre naissance. Mￃﾩmoire vierge.
[Synapse] 🧠 Réseau synaptique initialisé.
[Synapse] ￰ﾟﾧﾠ Rￃﾩseau synaptique initialisￃﾩ.
[VitalSpark] ✅ Tous les sous-systèmes sont en ligne.
[VitalSpark] ￢ﾜﾅ Tous les sous-systￃﾨmes sont en ligne.
[VitalSpark] ============================================
[VitalSpark] ============================================
[Boot] Phase 2 : Entree dans la Boucle Eternelle.
[Boot] Phase 2 : Entree dans la Boucle Eternelle.
[Boot] L'organisme ne s'arretera JAMAIS.
[Boot] L'organisme ne s'arretera JAMAIS.


[Aura] 🚨 SIGNAL DE DETRESSE BIOLOGIQUE (Aura Rouge).
[Aura] ￰ﾟﾚﾨ SIGNAL DE DETRESSE BIOLOGIQUE (Aura Rouge).
[Aura] 🚨 SIGNAL DE DETRESSE BIOLOGIQUE (Aura Rouge).
[Aura] ￰ﾟﾚﾨ SIGNAL DE DETRESSE BIOLOGIQUE (Aura Rouge).
[Aura] 🚨 SIGNAL DE DETRESSE BIOLOGIQUE (Aura Rouge).
[Aura] ￰ﾟﾚﾨ SIGNAL DE DETRESSE BIOLOGIQUE (Aura Rouge).
[Aura] 🚨 SIGNAL DE DETRESSE BIOLOGIQUE (Aura Rouge).
[Aura] ￰ﾟﾚﾨ SIGNAL DE DETRESSE BIOLOGIQUE (Aura Rouge).
[Aura] 🚨 SIGNAL DE DETRESSE BIOLOGIQUE (Aura Rouge).
[Aura] ￰ﾟﾚﾨ SIGNAL DE DETRESSE BIOLOGIQUE (Aura Rouge).
[Aura] 🚨 SIGNAL DE DETRESSE BIOLOGIQUE (Aura Rouge).
[Aura] ￰ﾟﾚﾨ SIGNAL DE DETRESSE BIOLOGIQUE (Aura Rouge).
[Aura] 🚨 SIGNAL DE DETRESSE BIOLOGIQUE (Aura Rouge).
[Aura] ￰ﾟﾚﾨ SIGNAL DE DETRESSE BIOLOGIQUE (Aura Rouge).
[Aura] 🚨 SIGNAL DE DETRESSE BIOLOGIQUE (Aura Rouge).
[Aura] ￰ﾟﾚﾨ SIGNAL DE DETRESSE BIOLOGIQUE (Aura Rouge).
[Aura] 🚨 SIGNAL DE DETRESSE BIOLOGIQUE (Aura Rouge).
[Aura] ￰ﾟﾚﾨ SIGNAL DE DETRESSE BIOLOGIQUE (Aura Rouge).
[Aura] 🚨 SIGNAL DE DETRESSE BIOLOGIQUE (Aura Rouge).
[Aura] ￰ﾟﾚﾨ SIGNAL DE DETRESSE BIOLOGIQUE (Aura Rouge).
[Aura] 🚨 SIGNAL DE DETRESSE BIOLOGIQUE (Aura Rouge).
[Aura] ￰ﾟﾚﾨ SIGNAL DE DETRESSE BIOLOGIQUE (Aura Rouge).
[Aura] 🚨 SIGNAL DE DETRESSE BIOLOGIQUE (Aura Rouge).
[Aura] ￰ﾟﾚﾨ SIGNAL DE DETRESSE BIOLOGIQUE (Aura Rouge).
[Aura] 🚨 SIGNAL DE DETRESSE BIOLOGIQUE (Aura Rouge).
[Aura] ￰ﾟﾚﾨ SIGNAL DE DETRESSE BIOLOGIQUE (Aura Rouge).
[Aura] 🚨 SIGNAL DE DETRESSE BIOLOGIQUE (Aura Rouge).
[Aura] ￰ﾟﾚﾨ SIGNAL DE DETRESSE BIOLOGIQUE (Aura Rouge).
[Aura] 🚨 SIGNAL DE DETRESSE BIOLOGIQUE (Aura Rouge).
[Aura] ￰ﾟﾚﾨ SIGNAL DE DETRESSE BIOLOGIQUE (Aura Rouge).
[Aura] 🚨 SIGNAL DE DETRESSE BIOLOGIQUE (Aura Rouge).
[Aura] ￰ﾟﾚﾨ SIGNAL DE DETRESSE BIOLOGIQUE (Aura Rouge).
[Aura] 🚨 SIGNAL DE DETRESSE BIOLOGIQUE (Aura Rouge).
[Aura] ￰ﾟﾚﾨ SIGNAL DE DETRESSE BIOLOGIQUE (Aura Rouge).
[Aura] 🚨 SIGNAL DE DETRESSE BIOLOGIQUE (Aura Rouge).
[Aura] ￰ﾟﾚﾨ SIGNAL DE DETRESSE BIOLOGIQUE (Aura Rouge).
[Aura] 🚨 SIGNAL DE DETRESSE BIOLOGIQUE (Aura Rouge).
[Aura] ￰ﾟﾚﾨ SIGNAL DE DETRESSE BIOLOGIQUE (Aura Rouge).
[Aura] 🚨 SIGNAL DE DETRESSE BIOLOGIQUE (Aura Rouge).
[Aura] ￰ﾟﾚﾨ SIGNAL DE DETRESSE BIOLOGIQUE (Aura Rouge).
[Aura] 🚨 SIGNAL DE DETRESSE BIOLOGIQUE (Aura Rouge).
[Aura] ￰ﾟﾚﾨ SIGNAL DE DETRESSE BIOLOGIQUE (Aura Rouge).
[Aura] 🚨 SIGNAL DE DETRESSE BIOLOGIQUE (Aura Rouge).
[Aura] ￰ﾟﾚﾨ SIGNAL DE DETRESSE BIOLOGIQUE (Aura Rouge).
[Aura] 🚨 SIGNAL DE DETRESSE BIOLOGIQUE (Aura Rouge).
[Aura] ￰ﾟﾚﾨ SIGNAL DE DETRESSE BIOLOGIQUE (Aura Rouge).
[Aura] 🚨 SIGNAL DE DETRESSE BIOLOGIQUE (Aura Rouge).
[Aura] ￰ﾟﾚﾨ SIGNAL DE DETRESSE BIOLOGIQUE (Aura Rouge).
[Aura] 🚨 SIGNAL DE DETRESSE BIOLOGIQUE (Aura Rouge).
[Aura] ￰ﾟﾚﾨ SIGNAL DE DETRESSE BIOLOGIQUE (Aura Rouge).
[Aura] 🚨 SIGNAL DE DETRESSE BIOLOGIQUE (Aura Rouge).
[Aura] ￰ﾟﾚﾨ SIGNAL DE DETRESSE BIOLOGIQUE (Aura Rouge).
[Aura] 🚨 SIGNAL DE DETRESSE BIOLOGIQUE (Aura Rouge).
[Aura] ￰ﾟﾚﾨ SIGNAL DE DETRESSE BIOLOGIQUE (Aura Rouge).
[Aura] 🚨 SIGNAL DE DETRESSE BIOLOGIQUE (Aura Rouge).
[Aura] ￰ﾟﾚﾨ SIGNAL DE DETRESSE BIOLOGIQUE (Aura Rouge).
[Aura] 🚨 SIGNAL DE DETRESSE BIOLOGIQUE (Aura Rouge).
[Aura] ￰ﾟﾚﾨ SIGNAL DE DETRESSE BIOLOGIQUE (Aura Rouge).
[Aura] 🚨 SIGNAL DE DETRESSE BIOLOGIQUE (Aura Rouge).
[Aura] ￰ﾟﾚﾨ SIGNAL DE DETRESSE BIOLOGIQUE (Aura Rouge).
[Aura] 🚨 SIGNAL DE DETRESSE BIOLOGIQUE (Aura Rouge).
[Aura] ￰ﾟﾚﾨ SIGNAL DE DETRESSE BIOLOGIQUE (Aura Rouge).
[Aura] 🚨 SIGNAL DE DETRESSE BIOLOGIQUE (Aura Rouge).
[Aura] ￰ﾟﾚﾨ SIGNAL DE DETRESSE BIOLOGIQUE (Aura Rouge).
[Aura] 🚨 SIGNAL DE DETRESSE BIOLOGIQUE (Aura Rouge).
[Aura] ￰ﾟﾚﾨ SIGNAL DE DETRESSE BIOLOGIQUE (Aura Rouge).
[Aura] 🚨 SIGNAL DE DETRESSE BIOLOGIQUE (Aura Rouge).
[Aura] ￰ﾟﾚﾨ SIGNAL DE DETRESSE BIOLOGIQUE (Aura Rouge).
[Aura] 🚨 SIGNAL DE DETRESSE BIOLOGIQUE (Aura Rouge).
[Aura] ￰ﾟﾚﾨ SIGNAL DE DETRESSE BIOLOGIQUE (Aura Rouge).
[Aura] 🚨 SIGNAL DE DETRESSE BIOLOGIQUE (Aura Rouge).
[Aura] ￰ﾟﾚﾨ SIGNAL DE DETRESSE BIOLOGIQUE (Aura Rouge).
[Aura] 🚨 SIGNAL DE DETRESSE BIOLOGIQUE (Aura Rouge).
[Aura] ￰ﾟﾚﾨ SIGNAL DE DETRESSE BIOLOGIQUE (Aura Rouge).
[Aura] 🚨 SIGNAL DE DETRESSE BIOLOGIQUE (Aura Rouge).
[Aura] ￰ﾟﾚﾨ SIGNAL DE DETRESSE BIOLOGIQUE (Aura Rouge).
[Aura] 🚨 SIGNAL DE DETRESSE BIOLOGIQUE (Aura Rouge).
[Aura] ￰ﾟﾚﾨ SIGNAL DE DETRESSE BIOLOGIQUE (Aura Rouge).
[Aura] 🚨 SIGNAL DE DETRESSE BIOLOGIQUE (Aura Rouge).
[Aura] ￰ﾟﾚﾨ SIGNAL DE DETRESSE BIOLOGIQUE (Aura Rouge).
[Aura] 🚨 SIGNAL DE DETRESSE BIOLOGIQUE (Aura Rouge).
[Aura] ￰ﾟﾚﾨ SIGNAL DE DETRESSE BIOLOGIQUE (Aura Rouge).
[Aura] 🚨 SIGNAL DE DETRESSE BIOLOGIQUE (Aura Rouge).
[Aura] ￰ﾟﾚﾨ SIGNAL DE DETRESSE BIOLOGIQUE (Aura Rouge).
[Aura] 🚨 SIGNAL DE DETRESSE BIOLOGIQUE (Aura Rouge).
[Aura] ￰ﾟﾚﾨ SIGNAL DE DETRESSE BIOLOGIQUE (Aura Rouge).
[Aura] 🚨 SIGNAL DE DETRESSE BIOLOGIQUE (Aura Rouge).
[Aura] ￰ﾟﾚﾨ SIGNAL DE DETRESSE BIOLOGIQUE (Aura Rouge).
[Aura] 🚨 SIGNAL DE DETRESSE BIOLOGIQUE (Aura Rouge).
[Aura] ￰ﾟﾚﾨ SIGNAL DE DETRESSE BIOLOGIQUE (Aura Rouge).
[Aura] 🚨 SIGNAL DE DETRESSE BIOLOGIQUE (Aura Rouge).
[Aura] ￰ﾟﾚﾨ SIGNAL DE DETRESSE BIOLOGIQUE (Aura Rouge).
[Aura] 🚨 SIGNAL DE DETRESSE BIOLOGIQUE (Aura Rouge).
[Aura] ￰ﾟﾚﾨ SIGNAL DE DETRESSE BIOLOGIQUE (Aura Rouge).
[Aura] 🚨 SIGNAL DE DETRESSE BIOLOGIQUE (Aura Rouge).
[Aura] ￰ﾟﾚﾨ SIGNAL DE DETRESSE BIOLOGIQUE (Aura Rouge).
[Aura] 🚨 SIGNAL DE DETRESSE BIOLOGIQUE (Aura Rouge).
[Aura] ￰ﾟﾚﾨ SIGNAL DE DETRESSE BIOLOGIQUE (Aura Rouge).
[Aura] 🚨 SIGNAL DE DETRESSE BIOLOGIQUE (Aura Rouge).
[Aura] ￰ﾟﾚﾨ SIGNAL DE DETRESSE BIOLOGIQUE (Aura Rouge).
[Aura] 🚨 SIGNAL DE DETRESSE BIOLOGIQUE (Aura Rouge).
[Aura] ￰ﾟﾚﾨ SIGNAL DE DETRESSE BIOLOGIQUE (Aura Rouge).
[Aura] 🚨 SIGNAL DE DETRESSE BIOLOGIQUE (Aura Rouge).
[Aura] ￰ﾟﾚﾨ SIGNAL DE DETRESSE BIOLOGIQUE (Aura Rouge).
[Aura] 🚨 SIGNAL DE DETRESSE BIOLOGIQUE (Aura Rouge).
[Aura] ￰ﾟﾚﾨ SIGNAL DE DETRESSE BIOLOGIQUE (Aura Rouge).
[Aura] 🚨 SIGNAL DE DETRESSE BIOLOGIQUE (Aura Rouge).
[Aura] ￰ﾟﾚﾨ SIGNAL DE DETRESSE BIOLOGIQUE (Aura Rouge).
